<?xml version="1.0" encoding="UTF-8"?>
<!-- Generated by org.testng.reporters.JUnitXMLReporter -->
<testsuite ignored="0" hostname="CO-IT008125" failures="0" tests="3" name="Surefire test" time="0.012" errors="0" timestamp="08 Nov 2022 03:43:41 GMT">
  <testcase classname="com.globant.AppTest" name="deactivateUser" time="0.0"/>
  <testcase classname="com.globant.AppTest" name="logInto" time="0.0"/>
  <testcase classname="com.globant.AppTest" name="logOut" time="0.0"/>
</testsuite> <!-- Surefire test -->
