<?xml version="1.0" encoding="UTF-8"?>
<testng-results ignored="0" total="1" passed="1" failed="0" skipped="0">
  <reporter-output>
  </reporter-output>
  <suite started-at="2022-11-11T14:53:29 COT" name="Surefire suite" finished-at="2022-11-11T14:53:29 COT" duration-ms="32">
    <groups>
    </groups>
    <test started-at="2022-11-11T14:53:29 COT" name="Surefire test" finished-at="2022-11-11T14:53:29 COT" duration-ms="32">
      <class name="org.Globant.AppTest">
        <test-method signature="testApp()[pri:0, instance:testApp(org.Globant.AppTest)]" started-at="2022-11-11T14:53:29 COT" name="testApp" finished-at="2022-11-11T14:53:29 COT" duration-ms="2" status="PASS">
          <reporter-output>
          </reporter-output>
        </test-method> <!-- testApp -->
      </class> <!-- org.Globant.AppTest -->
    </test> <!-- Surefire test -->
  </suite> <!-- Surefire suite -->
</testng-results>
