<?xml version="1.0" encoding="UTF-8"?>
<testng-results ignored="0" total="3" passed="3" failed="0" skipped="0">
  <reporter-output>
  </reporter-output>
  <suite started-at="2022-11-08T03:43:41Z" name="Surefire suite" finished-at="2022-11-08T03:43:41Z" duration-ms="12">
    <groups>
    </groups>
    <test started-at="2022-11-08T03:43:41Z" name="Surefire test" finished-at="2022-11-08T03:43:41Z" duration-ms="12">
      <class name="com.globant.AppTest">
        <test-method is-config="true" signature="setUp()[pri:0, instance:com.globant.AppTest@72f926e6]" started-at="2022-11-08T03:43:41Z" name="setUp" finished-at="2022-11-08T03:43:41Z" duration-ms="7" status="PASS">
          <reporter-output>
          </reporter-output>
        </test-method> <!-- setUp -->
        <test-method is-config="true" signature="launchBrowser()[pri:0, instance:com.globant.AppTest@72f926e6]" started-at="2022-11-08T03:43:41Z" name="launchBrowser" finished-at="2022-11-08T03:43:41Z" duration-ms="0" status="PASS">
          <reporter-output>
          </reporter-output>
        </test-method> <!-- launchBrowser -->
        <test-method signature="deactivateUser()[pri:0, instance:com.globant.AppTest@72f926e6]" started-at="2022-11-08T03:43:41Z" name="deactivateUser" finished-at="2022-11-08T03:43:41Z" duration-ms="0" status="PASS">
          <reporter-output>
          </reporter-output>
        </test-method> <!-- deactivateUser -->
        <test-method is-config="true" signature="launchBrowser()[pri:0, instance:com.globant.AppTest@72f926e6]" started-at="2022-11-08T03:43:41Z" name="launchBrowser" finished-at="2022-11-08T03:43:41Z" duration-ms="0" status="PASS">
          <reporter-output>
          </reporter-output>
        </test-method> <!-- launchBrowser -->
        <test-method is-config="true" signature="closeBrowser()[pri:0, instance:com.globant.AppTest@72f926e6]" started-at="2022-11-08T03:43:41Z" name="closeBrowser" finished-at="2022-11-08T03:43:41Z" duration-ms="0" status="PASS">
          <reporter-output>
          </reporter-output>
        </test-method> <!-- closeBrowser -->
        <test-method is-config="true" signature="closeBrowser()[pri:0, instance:com.globant.AppTest@72f926e6]" started-at="2022-11-08T03:43:41Z" name="closeBrowser" finished-at="2022-11-08T03:43:41Z" duration-ms="1" status="PASS">
          <reporter-output>
          </reporter-output>
        </test-method> <!-- closeBrowser -->
        <test-method signature="logOut()[pri:0, instance:com.globant.AppTest@72f926e6]" started-at="2022-11-08T03:43:41Z" name="logOut" finished-at="2022-11-08T03:43:41Z" duration-ms="0" status="PASS">
          <reporter-output>
          </reporter-output>
        </test-method> <!-- logOut -->
        <test-method is-config="true" signature="closeBrowser()[pri:0, instance:com.globant.AppTest@72f926e6]" started-at="2022-11-08T03:43:41Z" name="closeBrowser" finished-at="2022-11-08T03:43:41Z" duration-ms="0" status="PASS">
          <reporter-output>
          </reporter-output>
        </test-method> <!-- closeBrowser -->
        <test-method signature="logInto()[pri:0, instance:com.globant.AppTest@72f926e6]" started-at="2022-11-08T03:43:41Z" name="logInto" finished-at="2022-11-08T03:43:41Z" duration-ms="0" status="PASS">
          <reporter-output>
          </reporter-output>
        </test-method> <!-- logInto -->
        <test-method is-config="true" signature="launchBrowser()[pri:0, instance:com.globant.AppTest@72f926e6]" started-at="2022-11-08T03:43:41Z" name="launchBrowser" finished-at="2022-11-08T03:43:41Z" duration-ms="0" status="PASS">
          <reporter-output>
          </reporter-output>
        </test-method> <!-- launchBrowser -->
      </class> <!-- com.globant.AppTest -->
    </test> <!-- Surefire test -->
  </suite> <!-- Surefire suite -->
</testng-results>
